<?xml version="1.0" encoding="UTF-8"?>
<!-- Generated by org.testng.reporters.JUnitXMLReporter -->
<testsuite ignored="2" hostname="WINCTRL-DP65RH5" failures="0" tests="2" name="Test" time="117.55" errors="0" timestamp="2020-07-03T12:32:05 IST">
  <testcase classname="testcases.TC_01" name="Login_Logout" time="37.833"/>
  <testcase classname="testcases.TC_02" name="Add_User" time="59.839"/>
  <testcase classname="configuration.StartBrowser" name="@BeforeTest extentreport" time="0.0">
    <ignored/>
  </testcase> <!-- @BeforeTest extentreport -->
  <testcase classname="configuration.StartBrowser" name="@BeforeTest extentreport" time="0.0">
    <ignored/>
  </testcase> <!-- @BeforeTest extentreport -->
</testsuite> <!-- Test -->
