<?xml version="1.0" encoding="UTF-8"?>
<testng-results ignored="2" total="4" passed="2" failed="0" skipped="0">
  <reporter-output>
  </reporter-output>
  <suite started-at="2020-07-03T12:30:07 IST" name="OrangeSuite" finished-at="2020-07-03T12:32:05 IST" duration-ms="117550">
    <groups>
    </groups>
    <test started-at="2020-07-03T12:30:07 IST" name="Test" finished-at="2020-07-03T12:32:05 IST" duration-ms="117550">
      <class name="configuration.StartBrowser">
        <test-method is-config="true" signature="extentreport()[pri:0, instance:configuration.StartBrowser@71e9ddb4]" started-at="2020-07-03T12:30:07 IST" name="extentreport" finished-at="2020-07-03T12:30:08 IST" duration-ms="690" status="PASS">
          <reporter-output>
          </reporter-output>
        </test-method> <!-- extentreport -->
      </class> <!-- configuration.StartBrowser -->
      <class name="testcases.TC_01">
        <test-method is-config="true" signature="setUp()[pri:0, instance:testcases.TC_01@394df057]" started-at="2020-07-03T12:30:08 IST" name="setUp" finished-at="2020-07-03T12:30:18 IST" duration-ms="10519" status="PASS">
          <reporter-output>
          </reporter-output>
        </test-method> <!-- setUp -->
        <test-method is-config="true" signature="method(java.lang.reflect.Method)[pri:0, instance:testcases.TC_01@394df057]" started-at="2020-07-03T12:30:18 IST" name="method" finished-at="2020-07-03T12:30:18 IST" duration-ms="35" status="PASS">
          <params>
            <param index="0">
              <value>
                <![CDATA[public void testcases.TC_01.Login_Logout() throws java.io.IOException]]>
              </value>
            </param>
          </params>
          <reporter-output>
          </reporter-output>
        </test-method> <!-- method -->
        <test-method signature="Login_Logout()[pri:0, instance:testcases.TC_01@394df057]" started-at="2020-07-03T12:30:18 IST" name="Login_Logout" finished-at="2020-07-03T12:30:56 IST" duration-ms="37833" status="PASS">
          <reporter-output>
          </reporter-output>
        </test-method> <!-- Login_Logout -->
        <test-method is-config="true" signature="tearDown()[pri:0, instance:testcases.TC_01@394df057]" started-at="2020-07-03T12:30:56 IST" name="tearDown" finished-at="2020-07-03T12:30:59 IST" duration-ms="3108" status="PASS">
          <reporter-output>
          </reporter-output>
        </test-method> <!-- tearDown -->
      </class> <!-- testcases.TC_01 -->
      <class name="testcases.TC_02">
        <test-method is-config="true" signature="setUp()[pri:0, instance:testcases.TC_02@4961f6af]" started-at="2020-07-03T12:30:59 IST" name="setUp" finished-at="2020-07-03T12:31:04 IST" duration-ms="4441" status="PASS">
          <reporter-output>
          </reporter-output>
        </test-method> <!-- setUp -->
        <test-method is-config="true" signature="method(java.lang.reflect.Method)[pri:0, instance:testcases.TC_02@4961f6af]" started-at="2020-07-03T12:31:04 IST" name="method" finished-at="2020-07-03T12:31:04 IST" duration-ms="4" status="PASS">
          <params>
            <param index="0">
              <value>
                <![CDATA[public void testcases.TC_02.Add_User() throws java.io.IOException,java.lang.InterruptedException]]>
              </value>
            </param>
          </params>
          <reporter-output>
          </reporter-output>
        </test-method> <!-- method -->
        <test-method signature="Add_User()[pri:0, instance:testcases.TC_02@4961f6af]" started-at="2020-07-03T12:31:04 IST" name="Add_User" finished-at="2020-07-03T12:32:04 IST" duration-ms="59839" status="PASS">
          <reporter-output>
          </reporter-output>
        </test-method> <!-- Add_User -->
        <test-method is-config="true" signature="tearDown()[pri:0, instance:testcases.TC_02@4961f6af]" started-at="2020-07-03T12:32:04 IST" name="tearDown" finished-at="2020-07-03T12:32:05 IST" duration-ms="934" status="PASS">
          <reporter-output>
          </reporter-output>
        </test-method> <!-- tearDown -->
      </class> <!-- testcases.TC_02 -->
    </test> <!-- Test -->
  </suite> <!-- OrangeSuite -->
</testng-results>
